<?xml version="1.0" encoding="UTF-8"?>
<!-- Generated by org.testng.reporters.JUnitReportReporter -->
<testsuite skipped="0" hostname="DESKTOP-EDG9KS6" name="runner.BlazeTestRunner" tests="5" failures="0" timestamp="2023-03-16T10:22:23 IST" time="34.225" errors="0">
  <testcase name="runScenario" time="9.674" classname="runner.BlazeTestRunner"/>
  <system-out/>
  <testcase name="runScenario" time="5.864" classname="runner.BlazeTestRunner"/>
  <system-out/>
  <testcase name="runScenario" time="6.860" classname="runner.BlazeTestRunner"/>
  <system-out/>
  <testcase name="runScenario" time="7.227" classname="runner.BlazeTestRunner"/>
  <system-out/>
  <testcase name="runScenario" time="4.600" classname="runner.BlazeTestRunner"/>
  <system-out/>
</testsuite> <!-- runner.BlazeTestRunner -->
