<?xml version="1.0" encoding="UTF-8"?>
<!-- Generated by org.testng.reporters.JUnitReportReporter -->
<testsuite skipped="0" hostname="DESKTOP-EDG9KS6" name="runner.BlazeTestRunner" tests="5" failures="0" timestamp="2023-03-16T16:34:56 IST" time="30.467" errors="0">
  <testcase name="runScenario" time="4.652" classname="runner.BlazeTestRunner"/>
  <system-out/>
  <testcase name="runScenario" time="4.759" classname="runner.BlazeTestRunner"/>
  <system-out/>
  <testcase name="runScenario" time="5.520" classname="runner.BlazeTestRunner"/>
  <system-out/>
  <testcase name="runScenario" time="8.121" classname="runner.BlazeTestRunner"/>
  <system-out/>
  <testcase name="runScenario" time="7.415" classname="runner.BlazeTestRunner"/>
  <system-out/>
</testsuite> <!-- runner.BlazeTestRunner -->
